Traceback (most recent call last):
  File "C:\Users\Administrator\Desktop\uPy1.0\uPyCraft\uPyCraft_src\readWriteUart.py", line 129, in run
  File "C:\Python34\lib\site-packages\serial\serialutil.py", line 590, in inWaiting
  File "C:\Python34\lib\site-packages\serial\serialwin32.py", line 257, in in_waiting
serial.serialutil.SerialException: ClearCommError failed (PermissionError(13, '连到系统上的设备没有发挥作用。', None, 31))
Traceback (most recent call last):
  File "C:\Users\Administrator\Desktop\uPy1.0\uPyCraft\uPyCraft_src\readWriteUart.py", line 129, in run
  File "C:\Python34\lib\site-packages\serial\serialutil.py", line 590, in inWaiting
  File "C:\Python34\lib\site-packages\serial\serialwin32.py", line 257, in in_waiting
serial.serialutil.SerialException: ClearCommError failed (PermissionError(13, '拒绝访问。', None, 5))
Traceback (most recent call last):
  File "C:\Users\Administrator\Desktop\uPy1.0\uPyCraft\uPyCraft_src\readWriteUart.py", line 129, in run
  File "C:\Python34\lib\site-packages\serial\serialutil.py", line 590, in inWaiting
  File "C:\Python34\lib\site-packages\serial\serialwin32.py", line 257, in in_waiting
serial.serialutil.SerialException: ClearCommError failed (PermissionError(13, '拒绝访问。', None, 5))
Traceback (most recent call last):
  File "C:\Users\Administrator\Desktop\uPy1.0\uPyCraft\uPyCraft_src\readWriteUart.py", line 129, in run
  File "C:\Python34\lib\site-packages\serial\serialutil.py", line 590, in inWaiting
  File "C:\Python34\lib\site-packages\serial\serialwin32.py", line 257, in in_waiting
serial.serialutil.SerialException: ClearCommError failed (PermissionError(13, '连到系统上的设备没有发挥作用。', None, 31))
